c:\users\axell\desktop\projet 3 graphe\projet3graphe\projet3graphe\projet3graphe\debug\vc142.pdb
c:\users\axell\desktop\projet 3 graphe\projet3graphe\projet3graphe\projet3graphe\debug\vc142.idb
c:\users\axell\desktop\projet 3 graphe\projet3graphe\projet3graphe\projet3graphe\debug\projet3graphe.obj
c:\users\axell\desktop\projet 3 graphe\projet3graphe\projet3graphe\projet3graphe\debug\cparseur.obj
c:\users\axell\desktop\projet 3 graphe\projet3graphe\projet3graphe\projet3graphe\debug\canalyseur.obj
c:\users\axell\desktop\projet 3 graphe\projet3graphe\projet3graphe\projet3graphe\debug\cgraph.obj
c:\users\axell\desktop\projet 3 graphe\projet3graphe\projet3graphe\debug\projet3graphe.exe
c:\users\axell\desktop\projet 3 graphe\projet3graphe\projet3graphe\projet3graphe\debug\projet3graphe.ilk
c:\users\axell\desktop\projet 3 graphe\projet3graphe\projet3graphe\debug\projet3graphe.pdb
c:\users\axell\desktop\projet 3 graphe\projet3graphe\projet3graphe\projet3graphe\debug\projet3graphe.tlog\cl.command.1.tlog
c:\users\axell\desktop\projet 3 graphe\projet3graphe\projet3graphe\projet3graphe\debug\projet3graphe.tlog\cl.read.1.tlog
c:\users\axell\desktop\projet 3 graphe\projet3graphe\projet3graphe\projet3graphe\debug\projet3graphe.tlog\cl.write.1.tlog
c:\users\axell\desktop\projet 3 graphe\projet3graphe\projet3graphe\projet3graphe\debug\projet3graphe.tlog\link-cvtres.read.1.tlog
c:\users\axell\desktop\projet 3 graphe\projet3graphe\projet3graphe\projet3graphe\debug\projet3graphe.tlog\link-cvtres.write.1.tlog
c:\users\axell\desktop\projet 3 graphe\projet3graphe\projet3graphe\projet3graphe\debug\projet3graphe.tlog\link-rc.read.1.tlog
c:\users\axell\desktop\projet 3 graphe\projet3graphe\projet3graphe\projet3graphe\debug\projet3graphe.tlog\link-rc.write.1.tlog
c:\users\axell\desktop\projet 3 graphe\projet3graphe\projet3graphe\projet3graphe\debug\projet3graphe.tlog\link.16396-cvtres.read.1.tlog
c:\users\axell\desktop\projet 3 graphe\projet3graphe\projet3graphe\projet3graphe\debug\projet3graphe.tlog\link.16396-cvtres.write.1.tlog
c:\users\axell\desktop\projet 3 graphe\projet3graphe\projet3graphe\projet3graphe\debug\projet3graphe.tlog\link.16396-rc.read.1.tlog
c:\users\axell\desktop\projet 3 graphe\projet3graphe\projet3graphe\projet3graphe\debug\projet3graphe.tlog\link.16396-rc.write.1.tlog
c:\users\axell\desktop\projet 3 graphe\projet3graphe\projet3graphe\projet3graphe\debug\projet3graphe.tlog\link.16396.read.1.tlog
c:\users\axell\desktop\projet 3 graphe\projet3graphe\projet3graphe\projet3graphe\debug\projet3graphe.tlog\link.16396.write.1.tlog
c:\users\axell\desktop\projet 3 graphe\projet3graphe\projet3graphe\projet3graphe\debug\projet3graphe.tlog\link.command.1.tlog
c:\users\axell\desktop\projet 3 graphe\projet3graphe\projet3graphe\projet3graphe\debug\projet3graphe.tlog\link.read.1.tlog
c:\users\axell\desktop\projet 3 graphe\projet3graphe\projet3graphe\projet3graphe\debug\projet3graphe.tlog\link.write.1.tlog
